Logging to file log_30mei//353PC029G.log
                        __  __  ____   _____
                  /\   |  \/  |/ __ \ / ____|
                 /  \  | \  / | |  | | (___  
                / /\ \ | |\/| | |  | |\___ \ 
               / ____ \| |  | | |__| |____) |
              /_/    \_\_|  |_|\____/|_____/
              OSS Framework for MoShell-17.0p 
              
           
[1;31mWARNING: [0mthe AMOS version currently running is more than 22 weeks old.
It is recommended to always use the latest released moshell version.
To obtain the latest released version contact your local Ericsson support.

$amosrb_pid = 28554

Checking ip contact...OK

HELP MENU            : h
BASIC MO COMMANDS    : m
OTHER MO COMMANDS    : n
OTHER COMMANDS       : o
PM COMMANDS          : p
QUIT                 : q

353PC029G> lt all

180530-10:58:58 10.189.72.30 17.0p  stopfile=/tmp/19197
Checking MOM version...RBS_NODE_MODEL_U_4_460
Parsing MOM (cached): /var/opt/ericsson/amos/moshell_logfiles/eidarif/logs_moshell/tempfiles/20180530-105829_7335/RBS_NODE_MODEL_U_4_460.xml.cache.gz ...................................................................Done.
Using paramfile /opt/ericsson/amos/moshell/commonjars/pm/PARAM_RBS_U_4_460.txt
Parsing file /opt/ericsson/amos/moshell/commonjars/pm/PARAM_RBS_U_4_460.txt ..............................................................................................Done.
Fetching IOR file...Done.
Connecting to 10.189.72.30:56834 (CorbaSecurity=OFF, corba_class=2, java=1.7.0_51, jacoms=R93D03, jacorb=R89C01)
**** Welcome to the Simple Mo Browser (version 3.0)!
Trying file=/var/opt/ericsson/amos/moshell_logfiles/eidarif/logs_moshell/tempfiles/20180530-105829_7335/ior7335
**** Test Construction OK
****

$mobrowser_pid = 20105

Connected to 10.189.72.30 (SubNetwork=ONRM_ROOT_MO_R,SubNetwork=RNSKJ04,MeContext=353PC029G,ManagedElement=1)
Connected to 10.189.72.30 (SubNetwork=ONRM_ROOT_MO_R,SubNetwork=RNSKJ04,MeContext=353PC029G,ManagedElement=1)
Last MO:  1510. Loaded 1510 MOs. Total:  1511 MOs.

353PC029G> get 0

180530-10:59:10 10.189.72.30 17.0p RBS_NODE_MODEL_U_4_460 stopfile=/tmp/19197
=================================================================================================================
0                                    ManagedElement=1
=================================================================================================================
ManagedElementId                     1
applicationConfiguration             t[0] = 
faultTolerantCoreStates              s[1] = ManagedElement=1,Equipment=1,Subrack=1,Slot=1,PlugInUnit=1;ftcState=Active 
healthCheckResult                    Struct{3}
 >>> 1.healthCheckResultCode = 99 (INITIAL_VALUE)
 >>> 2.message = 
 >>> 3.startTime = 
healthCheckSchedule                  t[0] = 
logicalName                          353PC029G
mimInfo                              Struct{3}
 >>> 1.mimName = RBS_NODE_MODEL_U
 >>> 2.mimVersion = 4.460
 >>> 3.mimRelease = 
productName                          RBS6201V2W
productNumber                        BGM 1361006/2
productRevision                      -
productType                          Node
site                                 3G_MALL_LUWES_PASAR_KLIWON
userLabel                            353PC029G
=================================================================================================================
Total: 1 MOs


353PC029G> st cell

180530-10:59:11 10.189.72.30 17.0p RBS_NODE_MODEL_U_4_460 stopfile=/tmp/19197
===================================================================================
Proxy  Adm State     Op. State     MO
===================================================================================
 1468                1 (ENABLED)   NodeBFunction=1,RbsLocalCell=S1C1
 1469                1 (ENABLED)   NodeBFunction=1,RbsLocalCell=S1C3
===================================================================================
Total: 2 MOs

353PC029G> alt

180530-10:59:11 10.189.72.30 17.0p RBS_NODE_MODEL_U_4_460 stopfile=/tmp/19197

Connecting to 10.189.72.30:56834 (CorbaSecurity=OFF, corba_class=2, java=1.7.0_51, jacoms=R93D03, jacorb=R89C01)
Trying file=/var/opt/ericsson/amos/moshell_logfiles/eidarif/logs_moshell/tempfiles/20180530-105829_7335/ior7335
Resolving the alarm service in OMS...
Simple Alarm Client initialized...
Starting to retrieve active alarms
Nr of active alarms are: 0
====================================================================================================================
Date & Time (Local) S Specific Problem                    MO (Cause/AdditionalInfo)
====================================================================================================================
>>> Total: 0 Alarms (0 Critical, 0 Major)

353PC029G> invxrfc

180530-10:59:16 10.189.72.30 17.0p RBS_NODE_MODEL_U_4_460 stopfile=/tmp/19197
Connected to 10.189.72.30 (SubNetwork=ONRM_ROOT_MO_R,SubNetwork=RNSKJ04,MeContext=353PC029G,ManagedElement=1)
Last MO:  1510. Loaded 1510 MOs. Total:  1511 MOs.

Checking available boards on node...
Trying password from script file: /var/opt/ericsson/amos/moshell_logfiles/eidarif/logs_moshell/tempfiles/20180530-105829_7335/monodeCmd19197...

Collecting CPP board data...
........

Collecting RBS board data...

Created following board-groups: all, allp, mp, bp, tu, coremp, ommp, scb, sxb, scx, sccpmp, et, etmfg, etmfx, aal2ap, aal2ncc, aal2cpsrc, aal2rh, xp, rax, tx, ru, ru[0-6].
>>> Type "bp" to view available board-groups and "bp <group>" to view group contents.

Collecting TN data...
.........
Collecting RF data...
........................................................................................................................

Node: RBS6201V2W  BGM 1361006/2 CXP9023291/7_R2CA17 W17A.4 (C17.0-LSV198-PA24)

=====================================================================================================================================
SMN ;APN  ;BOARD    ;SWALLOCATION  ;S  ;FAULT OPER MAINT   ;c/p ;  d  ;PRODUCTNUMBER  ;REV   ;SERIAL     ;DATE     ;MO
=====================================================================================================================================
  0 ;  1  ;DUW3001  ;Main_DUW      ;1;  OFF   ON   OFF     ;50% ;27%  ;KDU127161/3    ;R4E   ;TD3M282966 ;20130303 ;1,Slot=1  (768/512 CE)
-------------------------------------------------------------------------------------------------------------------------------------

=====================================================================================================================================
XPBOARD   ;ST;  FAULT OPER MAINT  ;PRODUCTNUMBER   ;REV     ;SERIAL/NAME   ;DATE     ; TEMP ; UPT ;MO (LNH)
=====================================================================================================================================
RUS01B1   ; 1;  OFF   ON   OFF    ;KRC11875/1      ;R2D     ;CB4Q136714    ;20130303 ; 58.3 ;39.3 ;RbsSubrack=1,RbsSlot=3,AuxPlugInUnit=RUW-1 (000100/port_0_dev_6)
RBS6201   ;  ;                    ;113/BFM901290   ;R17A    ;CB4Q188142    ;20130309 ;      ;     ;Cabinet=1
FANGROUP  ;  ;  OFF               ;                ;        ;              ;         ;      ;     ;Cabinet=1,FanGroup=1
FANGROUP  ;  ;  OFF               ;                ;        ;              ;         ;      ;     ;Cabinet=1,FanGroup=2
FANGROUP  ;  ;  OFF               ;                ;        ;              ;         ;      ;     ;Cabinet=1,FanGroup=3
PDU0201   ; 1;  OFF   ON          ;BMG980336/4     ;R2N     ;X052069051    ;20130207 ;      ;     ;HwUnit=PDU-1
PDU0201   ; 1;  OFF   ON          ;BMG980336/4     ;R2N     ;X052069076    ;20130207 ;      ;     ;HwUnit=PDU-2
SAU0101   ; L;  OFF   ON          ;ZHY60117/1      ;R1D     ;CD37532894    ;20130111 ;      ;     ;HwUnit=SAU
SCU0301   ; 1;  OFF   ON          ;BGM1361006/3    ;R1B     ;CD37552613    ;20130114 ;      ;     ;HwUnit=SCU
-------------------------------------------------------------------------------------------------------------------------------------

=====================================================================================================================================
MO            SMN  PRODUCT    PRODUCTNUMBER    REV     SERIAL/NAME     DATE      transmissionType     maxPwr  fanConfiguration  position
=====================================================================================================================================
Subrack=1       0  Subrack    SXK1098604/1     *       Radio Subrack             ETHERNET_CABLE       2500W   NO_CPP_FAN        0Z0

=====================================================================================================================================
AuxPiu    ;LNH                 ;BOARD    ;RF  ;TX (W/dBm)  ;VSWR (RL)   ;RX (dBm)  ;Sector/Cells (localCellIds/CellIds,PCIs)
=====================================================================================================================================
1/3/RUW-1 ;000100/port_0_dev_6 ;RUS01B1  ; A  ;16.3 (42.1) ;1.32 (17.2) ;-102.7    ;SR=1 S1C1 S1C3 (60291, 60297)
1/3/RUW-1 ;000100/port_0_dev_6 ;RUS01B1  ; B  ;N/A         ;N/A         ;-103.0    ;SR=1 S1C1 S1C3 (60291, 60297)
-------------------------------------------------------------------------------------------------------------------------------------
Tip: use option "g" to print graphical view of CPRI connections and RF connections.

353PC029G> q!!
Bye...
Output has been logged to file log_30mei//353PC029G.log
